# Database Operations Log
# This file will automatically contain logged database operations
# Format: [TIMESTAMP] [LEVEL] [MODULE] Message

[2025-10-10 22:19:22] [INFO] [app.services.database] Configuring SQLite for ACID compliance with WAL mode
[2025-10-10 22:19:22] [INFO] [app.services.database] SQLite ACID compliance configuration complete
[2025-10-10 22:19:22] [INFO] [app.services.database] Configuring SQLite for ACID compliance with WAL mode
[2025-10-10 22:19:22] [INFO] [app.services.database] Configuring SQLite for ACID compliance with WAL mode
[2025-10-10 22:19:22] [INFO] [app.services.database] SQLite ACID compliance configuration complete
[2025-10-10 22:19:22] [INFO] [app.services.database] SQLite ACID compliance configuration complete
[2025-10-10 23:15:26] [INFO] [app.services.database] Configuring SQLite for ACID compliance with WAL mode
[2025-10-10 23:15:26] [INFO] [app.services.database] SQLite ACID compliance configuration complete
[2025-10-10 23:15:26] [INFO] [app.services.database] Configuring SQLite for ACID compliance with WAL mode
[2025-10-10 23:15:26] [INFO] [app.services.database] Configuring SQLite for ACID compliance with WAL mode
[2025-10-10 23:15:26] [INFO] [app.services.database] SQLite ACID compliance configuration complete
[2025-10-10 23:15:26] [INFO] [app.services.database] SQLite ACID compliance configuration complete
[2025-10-11 00:00:58] [INFO] [app.services.database] Configuring SQLite for ACID compliance with WAL mode
[2025-10-11 00:00:58] [INFO] [app.services.database] SQLite ACID compliance configuration complete
[2025-10-11 00:00:58] [INFO] [app.services.database] Configuring SQLite for ACID compliance with WAL mode
[2025-10-11 00:00:58] [INFO] [app.services.database] Configuring SQLite for ACID compliance with WAL mode
[2025-10-11 00:00:58] [INFO] [app.services.database] SQLite ACID compliance configuration complete
[2025-10-11 00:00:58] [INFO] [app.services.database] SQLite ACID compliance configuration complete
[2025-10-11 00:00:59] [INFO] [app.services.database] Configuring SQLite for ACID compliance with WAL mode
[2025-10-11 00:00:59] [INFO] [app.services.database] Configuring SQLite for ACID compliance with WAL mode
[2025-10-11 00:00:59] [INFO] [app.services.database] Configuring SQLite for ACID compliance with WAL mode
[2025-10-11 00:00:59] [INFO] [app.services.database] SQLite ACID compliance configuration complete
[2025-10-11 00:00:59] [INFO] [app.services.database] SQLite ACID compliance configuration complete
[2025-10-11 00:00:59] [INFO] [app.services.database] SQLite ACID compliance configuration complete
[2025-10-11 00:00:59] [INFO] [app.services.database] Configuring SQLite for ACID compliance with WAL mode
[2025-10-11 00:00:59] [INFO] [app.services.database] Configuring SQLite for ACID compliance with WAL mode
[2025-10-11 00:00:59] [INFO] [app.services.database] Configuring SQLite for ACID compliance with WAL mode
[2025-10-11 00:00:59] [INFO] [app.services.database] Configuring SQLite for ACID compliance with WAL mode
[2025-10-11 00:00:59] [INFO] [app.services.database] SQLite ACID compliance configuration complete
[2025-10-11 00:00:59] [INFO] [app.services.database] SQLite ACID compliance configuration complete
[2025-10-11 00:00:59] [INFO] [app.services.database] SQLite ACID compliance configuration complete
[2025-10-11 00:00:59] [INFO] [app.services.database] SQLite ACID compliance configuration complete
[2025-10-11 00:00:59] [INFO] [app.services.database] Configuring SQLite for ACID compliance with WAL mode
[2025-10-11 00:00:59] [INFO] [app.services.database] Configuring SQLite for ACID compliance with WAL mode
[2025-10-11 00:00:59] [INFO] [app.services.database] Configuring SQLite for ACID compliance with WAL mode
[2025-10-11 00:00:59] [INFO] [app.services.database] Configuring SQLite for ACID compliance with WAL mode
[2025-10-11 00:00:59] [INFO] [app.services.database] Configuring SQLite for ACID compliance with WAL mode
[2025-10-11 00:00:59] [INFO] [app.services.database] SQLite ACID compliance configuration complete
[2025-10-11 00:00:59] [INFO] [app.services.database] SQLite ACID compliance configuration complete
[2025-10-11 00:00:59] [INFO] [app.services.database] SQLite ACID compliance configuration complete
[2025-10-11 00:00:59] [INFO] [app.services.database] SQLite ACID compliance configuration complete
[2025-10-11 00:00:59] [INFO] [app.services.database] SQLite ACID compliance configuration complete
[2025-10-11 00:00:59] [INFO] [app.services.database] Configuring SQLite for ACID compliance with WAL mode
[2025-10-11 00:00:59] [INFO] [app.services.database] Configuring SQLite for ACID compliance with WAL mode
[2025-10-11 00:00:59] [INFO] [app.services.database] Configuring SQLite for ACID compliance with WAL mode
[2025-10-11 00:00:59] [INFO] [app.services.database] Configuring SQLite for ACID compliance with WAL mode
[2025-10-11 00:00:59] [INFO] [app.services.database] Configuring SQLite for ACID compliance with WAL mode
[2025-10-11 00:00:59] [INFO] [app.services.database] Configuring SQLite for ACID compliance with WAL mode
[2025-10-11 00:00:59] [INFO] [app.services.database] SQLite ACID compliance configuration complete
[2025-10-11 00:00:59] [INFO] [app.services.database] SQLite ACID compliance configuration complete
[2025-10-11 00:00:59] [INFO] [app.services.database] SQLite ACID compliance configuration complete
[2025-10-11 00:00:59] [INFO] [app.services.database] SQLite ACID compliance configuration complete
[2025-10-11 00:00:59] [INFO] [app.services.database] SQLite ACID compliance configuration complete
[2025-10-11 00:00:59] [INFO] [app.services.database] SQLite ACID compliance configuration complete
[2025-10-11 07:54:47] [INFO] [app.services.database] Configuring SQLite for ACID compliance with WAL mode
[2025-10-11 07:54:47] [INFO] [app.services.database] SQLite ACID compliance configuration complete
